0 info it worked if it ends with ok
1 verbose cli [ '/usr/bin/node',
1 verbose cli   '/usr/bin/npm',
1 verbose cli   'install',
1 verbose cli   '--save',
1 verbose cli   'luxon',
1 verbose cli   'vue-datetime',
1 verbose cli   'weekstart' ]
2 info using npm@3.5.2
3 info using node@v8.10.0
4 verbose config Skipping project config: /home/fekla/.npmrc. (matches userconfig)
5 silly loadCurrentTree Starting
6 silly install loadCurrentTree
7 silly install readLocalPackageData
8 silly fetchPackageMetaData luxon
9 silly fetchPackageMetaData vue-datetime
10 silly fetchPackageMetaData weekstart
11 silly fetchNamedPackageData luxon
12 silly mapToRegistry name luxon
13 silly mapToRegistry using default registry
14 silly mapToRegistry registry https://registry.npmjs.org/
15 silly mapToRegistry uri https://registry.npmjs.org/luxon
16 silly fetchNamedPackageData vue-datetime
17 silly mapToRegistry name vue-datetime
18 silly mapToRegistry using default registry
19 silly mapToRegistry registry https://registry.npmjs.org/
20 silly mapToRegistry uri https://registry.npmjs.org/vue-datetime
21 silly fetchNamedPackageData weekstart
22 silly mapToRegistry name weekstart
23 silly mapToRegistry using default registry
24 silly mapToRegistry registry https://registry.npmjs.org/
25 silly mapToRegistry uri https://registry.npmjs.org/weekstart
26 verbose request uri https://registry.npmjs.org/luxon
27 verbose request no auth needed
28 info attempt registry request try #1 at 21:55:17
29 verbose request id a253622b0fad7440
30 http request GET https://registry.npmjs.org/luxon
31 verbose request uri https://registry.npmjs.org/vue-datetime
32 verbose request no auth needed
33 info attempt registry request try #1 at 21:55:17
34 http request GET https://registry.npmjs.org/vue-datetime
35 verbose request uri https://registry.npmjs.org/weekstart
36 verbose request no auth needed
37 info attempt registry request try #1 at 21:55:17
38 http request GET https://registry.npmjs.org/weekstart
39 http 200 https://registry.npmjs.org/luxon
40 verbose headers { date: 'Sat, 14 Sep 2019 18:55:18 GMT',
40 verbose headers   'content-type': 'application/json',
40 verbose headers   'transfer-encoding': 'chunked',
40 verbose headers   connection: 'keep-alive',
40 verbose headers   'set-cookie':
40 verbose headers    [ '__cfduid=dc41112e8c54ceaa0a25eefef713133731568487318; expires=Sun, 13-Sep-20 18:55:18 GMT; path=/; domain=.npmjs.org; HttpOnly' ],
40 verbose headers   'cf-cache-status': 'HIT',
40 verbose headers   'cache-control': 'max-age=300',
40 verbose headers   'cf-ray': '5164930c1ee99754-FRA',
40 verbose headers   age: '3179',
40 verbose headers   etag: 'W/"88b640089954d6c376e7066d0a354baf"',
40 verbose headers   'expect-ct': 'max-age=604800, report-uri="https://report-uri.cloudflare.com/cdn-cgi/beacon/expect-ct"',
40 verbose headers   'last-modified': 'Sat, 14 Sep 2019 00:08:18 GMT',
40 verbose headers   vary: 'accept-encoding, accept',
40 verbose headers   'x-amz-meta-rev': '107-5f43befad3bdfff76f87412e85cf0e3d',
40 verbose headers   server: 'cloudflare',
40 verbose headers   'content-encoding': 'gzip' }
41 silly get cb [ 200,
41 silly get   { date: 'Sat, 14 Sep 2019 18:55:18 GMT',
41 silly get     'content-type': 'application/json',
41 silly get     'transfer-encoding': 'chunked',
41 silly get     connection: 'keep-alive',
41 silly get     'set-cookie':
41 silly get      [ '__cfduid=dc41112e8c54ceaa0a25eefef713133731568487318; expires=Sun, 13-Sep-20 18:55:18 GMT; path=/; domain=.npmjs.org; HttpOnly' ],
41 silly get     'cf-cache-status': 'HIT',
41 silly get     'cache-control': 'max-age=300',
41 silly get     'cf-ray': '5164930c1ee99754-FRA',
41 silly get     age: '3179',
41 silly get     etag: 'W/"88b640089954d6c376e7066d0a354baf"',
41 silly get     'expect-ct': 'max-age=604800, report-uri="https://report-uri.cloudflare.com/cdn-cgi/beacon/expect-ct"',
41 silly get     'last-modified': 'Sat, 14 Sep 2019 00:08:18 GMT',
41 silly get     vary: 'accept-encoding, accept',
41 silly get     'x-amz-meta-rev': '107-5f43befad3bdfff76f87412e85cf0e3d',
41 silly get     server: 'cloudflare',
41 silly get     'content-encoding': 'gzip' } ]
42 verbose get saving luxon to /home/fekla/.npm/registry.npmjs.org/luxon/.cache.json
43 http 200 https://registry.npmjs.org/weekstart
44 verbose headers { date: 'Sat, 14 Sep 2019 18:55:18 GMT',
44 verbose headers   'content-type': 'application/json; charset=UTF-8',
44 verbose headers   'transfer-encoding': 'chunked',
44 verbose headers   connection: 'keep-alive',
44 verbose headers   'set-cookie':
44 verbose headers    [ '__cfduid=d3221a794d6748c3e207a25c969f2ad011568487318; expires=Sun, 13-Sep-20 18:55:18 GMT; path=/; domain=.npmjs.org; HttpOnly' ],
44 verbose headers   'cf-cache-status': 'REVALIDATED',
44 verbose headers   'cache-control': 'max-age=300',
44 verbose headers   'cf-ray': '5164930aecb06431-FRA',
44 verbose headers   etag: 'W/"4df4b461290a0e93d9d21be25264c422"',
44 verbose headers   'expect-ct': 'max-age=604800, report-uri="https://report-uri.cloudflare.com/cdn-cgi/beacon/expect-ct"',
44 verbose headers   'last-modified': 'Sun, 27 May 2018 21:52:08 GMT',
44 verbose headers   vary: 'accept-encoding, accept',
44 verbose headers   server: 'cloudflare',
44 verbose headers   'content-encoding': 'gzip' }
45 silly get cb [ 200,
45 silly get   { date: 'Sat, 14 Sep 2019 18:55:18 GMT',
45 silly get     'content-type': 'application/json; charset=UTF-8',
45 silly get     'transfer-encoding': 'chunked',
45 silly get     connection: 'keep-alive',
45 silly get     'set-cookie':
45 silly get      [ '__cfduid=d3221a794d6748c3e207a25c969f2ad011568487318; expires=Sun, 13-Sep-20 18:55:18 GMT; path=/; domain=.npmjs.org; HttpOnly' ],
45 silly get     'cf-cache-status': 'REVALIDATED',
45 silly get     'cache-control': 'max-age=300',
45 silly get     'cf-ray': '5164930aecb06431-FRA',
45 silly get     etag: 'W/"4df4b461290a0e93d9d21be25264c422"',
45 silly get     'expect-ct': 'max-age=604800, report-uri="https://report-uri.cloudflare.com/cdn-cgi/beacon/expect-ct"',
45 silly get     'last-modified': 'Sun, 27 May 2018 21:52:08 GMT',
45 silly get     vary: 'accept-encoding, accept',
45 silly get     server: 'cloudflare',
45 silly get     'content-encoding': 'gzip' } ]
46 verbose get saving weekstart to /home/fekla/.npm/registry.npmjs.org/weekstart/.cache.json
47 http 200 https://registry.npmjs.org/vue-datetime
48 verbose headers { date: 'Sat, 14 Sep 2019 18:55:18 GMT',
48 verbose headers   'content-type': 'application/json',
48 verbose headers   'transfer-encoding': 'chunked',
48 verbose headers   connection: 'keep-alive',
48 verbose headers   'set-cookie':
48 verbose headers    [ '__cfduid=df44b63960d2b7d26107f4709c438b70b1568487318; expires=Sun, 13-Sep-20 18:55:18 GMT; path=/; domain=.npmjs.org; HttpOnly' ],
48 verbose headers   'cf-cache-status': 'REVALIDATED',
48 verbose headers   'cache-control': 'max-age=300',
48 verbose headers   'cf-ray': '5164930add68c2ef-FRA',
48 verbose headers   etag: 'W/"09e757ef0bc65758f65a4d4872c49d06"',
48 verbose headers   'expect-ct': 'max-age=604800, report-uri="https://report-uri.cloudflare.com/cdn-cgi/beacon/expect-ct"',
48 verbose headers   'last-modified': 'Sun, 13 Jan 2019 11:41:25 GMT',
48 verbose headers   vary: 'accept-encoding, accept',
48 verbose headers   'x-amz-meta-rev': '36-1f340dbf9fdbc07483e4f958df3f4fc6',
48 verbose headers   server: 'cloudflare',
48 verbose headers   'content-encoding': 'gzip' }
49 silly get cb [ 200,
49 silly get   { date: 'Sat, 14 Sep 2019 18:55:18 GMT',
49 silly get     'content-type': 'application/json',
49 silly get     'transfer-encoding': 'chunked',
49 silly get     connection: 'keep-alive',
49 silly get     'set-cookie':
49 silly get      [ '__cfduid=df44b63960d2b7d26107f4709c438b70b1568487318; expires=Sun, 13-Sep-20 18:55:18 GMT; path=/; domain=.npmjs.org; HttpOnly' ],
49 silly get     'cf-cache-status': 'REVALIDATED',
49 silly get     'cache-control': 'max-age=300',
49 silly get     'cf-ray': '5164930add68c2ef-FRA',
49 silly get     etag: 'W/"09e757ef0bc65758f65a4d4872c49d06"',
49 silly get     'expect-ct': 'max-age=604800, report-uri="https://report-uri.cloudflare.com/cdn-cgi/beacon/expect-ct"',
49 silly get     'last-modified': 'Sun, 13 Jan 2019 11:41:25 GMT',
49 silly get     vary: 'accept-encoding, accept',
49 silly get     'x-amz-meta-rev': '36-1f340dbf9fdbc07483e4f958df3f4fc6',
49 silly get     server: 'cloudflare',
49 silly get     'content-encoding': 'gzip' } ]
50 verbose get saving vue-datetime to /home/fekla/.npm/registry.npmjs.org/vue-datetime/.cache.json
51 silly install normalizeTree
52 silly loadCurrentTree Finishing
53 silly loadIdealTree Starting
54 silly install loadIdealTree
55 silly cloneCurrentTree Starting
56 silly install cloneCurrentTreeToIdealTree
57 silly cloneCurrentTree Finishing
58 silly loadShrinkwrap Starting
59 silly install loadShrinkwrap
60 silly loadShrinkwrap Finishing
61 silly loadAllDepsIntoIdealTree Starting
62 silly install loadAllDepsIntoIdealTree
63 silly resolveWithNewModule luxon@1.17.3 checking installable status
64 silly cache add args [ 'luxon', null ]
65 verbose cache add spec luxon
66 silly resolveWithNewModule weekstart@1.0.0 checking installable status
67 silly cache add args [ 'weekstart', null ]
68 verbose cache add spec weekstart
69 silly resolveWithNewModule vue-datetime@1.0.0-beta.10 checking installable status
70 silly cache add args [ 'vue-datetime', null ]
71 verbose cache add spec vue-datetime
72 silly cache add parsed spec Result {
72 silly cache add   raw: 'luxon',
72 silly cache add   scope: null,
72 silly cache add   name: 'luxon',
72 silly cache add   rawSpec: '',
72 silly cache add   spec: 'latest',
72 silly cache add   type: 'tag' }
73 silly addNamed luxon@latest
74 verbose addNamed "latest" is being treated as a dist-tag for luxon
75 info addNameTag [ 'luxon', 'latest' ]
76 silly mapToRegistry name luxon
77 silly mapToRegistry using default registry
78 silly mapToRegistry registry https://registry.npmjs.org/
79 silly mapToRegistry uri https://registry.npmjs.org/luxon
80 verbose addNameTag registry:https://registry.npmjs.org/luxon not in flight; fetching
81 silly cache add parsed spec Result {
81 silly cache add   raw: 'weekstart',
81 silly cache add   scope: null,
81 silly cache add   name: 'weekstart',
81 silly cache add   rawSpec: '',
81 silly cache add   spec: 'latest',
81 silly cache add   type: 'tag' }
82 silly addNamed weekstart@latest
83 verbose addNamed "latest" is being treated as a dist-tag for weekstart
84 info addNameTag [ 'weekstart', 'latest' ]
85 silly mapToRegistry name weekstart
86 silly mapToRegistry using default registry
87 silly mapToRegistry registry https://registry.npmjs.org/
88 silly mapToRegistry uri https://registry.npmjs.org/weekstart
89 verbose addNameTag registry:https://registry.npmjs.org/weekstart not in flight; fetching
90 silly cache add parsed spec Result {
90 silly cache add   raw: 'vue-datetime',
90 silly cache add   scope: null,
90 silly cache add   name: 'vue-datetime',
90 silly cache add   rawSpec: '',
90 silly cache add   spec: 'latest',
90 silly cache add   type: 'tag' }
91 silly addNamed vue-datetime@latest
92 verbose addNamed "latest" is being treated as a dist-tag for vue-datetime
93 info addNameTag [ 'vue-datetime', 'latest' ]
94 silly mapToRegistry name vue-datetime
95 silly mapToRegistry using default registry
96 silly mapToRegistry registry https://registry.npmjs.org/
97 silly mapToRegistry uri https://registry.npmjs.org/vue-datetime
98 verbose addNameTag registry:https://registry.npmjs.org/vue-datetime not in flight; fetching
99 verbose get https://registry.npmjs.org/weekstart not expired, no request
100 silly addNameTag next cb for weekstart with tag latest
101 silly addNamed weekstart@1.0.0
102 verbose addNamed "1.0.0" is a plain semver version for weekstart
103 verbose get https://registry.npmjs.org/vue-datetime not expired, no request
104 silly addNameTag next cb for vue-datetime with tag latest
105 silly addNamed vue-datetime@1.0.0-beta.10
106 verbose addNamed "1.0.0-beta.10" is a plain semver version for vue-datetime
107 silly mapToRegistry name weekstart
108 silly mapToRegistry using default registry
109 silly mapToRegistry registry https://registry.npmjs.org/
110 silly mapToRegistry uri https://registry.npmjs.org/weekstart
111 verbose addRemoteTarball https://registry.npmjs.org/weekstart/-/weekstart-1.0.0.tgz not in flight; adding
112 verbose addRemoteTarball [ 'https://registry.npmjs.org/weekstart/-/weekstart-1.0.0.tgz',
112 verbose addRemoteTarball   'e0aee358d45ad99802254769d7b2a34c9380f539' ]
113 verbose get https://registry.npmjs.org/luxon not expired, no request
114 silly addNameTag next cb for luxon with tag latest
115 silly addNamed luxon@1.17.3
116 verbose addNamed "1.17.3" is a plain semver version for luxon
117 silly mapToRegistry name vue-datetime
118 silly mapToRegistry using default registry
119 silly mapToRegistry registry https://registry.npmjs.org/
120 silly mapToRegistry uri https://registry.npmjs.org/vue-datetime
121 verbose addRemoteTarball https://registry.npmjs.org/vue-datetime/-/vue-datetime-1.0.0-beta.10.tgz not in flight; adding
122 verbose addRemoteTarball [ 'https://registry.npmjs.org/vue-datetime/-/vue-datetime-1.0.0-beta.10.tgz',
122 verbose addRemoteTarball   '788a1c2deefa3e14fbf549373ec00ebde707596a' ]
123 silly mapToRegistry name luxon
124 silly mapToRegistry using default registry
125 silly mapToRegistry registry https://registry.npmjs.org/
126 silly mapToRegistry uri https://registry.npmjs.org/luxon
127 verbose addRemoteTarball https://registry.npmjs.org/luxon/-/luxon-1.17.3.tgz not in flight; adding
128 verbose addRemoteTarball [ 'https://registry.npmjs.org/luxon/-/luxon-1.17.3.tgz',
128 verbose addRemoteTarball   '12ed5157a7e8f705759ce2f4d840410643081409' ]
129 info retry fetch attempt 1 at 21:55:19
130 info attempt registry request try #1 at 21:55:19
131 http fetch GET https://registry.npmjs.org/weekstart/-/weekstart-1.0.0.tgz
132 info retry fetch attempt 1 at 21:55:19
133 info attempt registry request try #1 at 21:55:19
134 http fetch GET https://registry.npmjs.org/vue-datetime/-/vue-datetime-1.0.0-beta.10.tgz
135 info retry fetch attempt 1 at 21:55:19
136 info attempt registry request try #1 at 21:55:19
137 http fetch GET https://registry.npmjs.org/luxon/-/luxon-1.17.3.tgz
138 http fetch 200 https://registry.npmjs.org/luxon/-/luxon-1.17.3.tgz
139 http fetch 200 https://registry.npmjs.org/vue-datetime/-/vue-datetime-1.0.0-beta.10.tgz
140 silly fetchAndShaCheck shasum 788a1c2deefa3e14fbf549373ec00ebde707596a
141 verbose addTmpTarball /tmp/npm-10632-9800f5fa/registry.npmjs.org/vue-datetime/-/vue-datetime-1.0.0-beta.10.tgz not in flight; adding
142 verbose addTmpTarball already have metadata; skipping unpack for vue-datetime@1.0.0-beta.10
143 http fetch 200 https://registry.npmjs.org/weekstart/-/weekstart-1.0.0.tgz
144 silly cache afterAdd vue-datetime@1.0.0-beta.10
145 verbose afterAdd /home/fekla/.npm/vue-datetime/1.0.0-beta.10/package/package.json not in flight; writing
146 verbose afterAdd /home/fekla/.npm/vue-datetime/1.0.0-beta.10/package/package.json written
147 silly fetchAndShaCheck shasum e0aee358d45ad99802254769d7b2a34c9380f539
148 verbose addTmpTarball /tmp/npm-10632-9800f5fa/registry.npmjs.org/weekstart/-/weekstart-1.0.0.tgz not in flight; adding
149 verbose addTmpTarball already have metadata; skipping unpack for weekstart@1.0.0
150 silly cache afterAdd weekstart@1.0.0
151 verbose afterAdd /home/fekla/.npm/weekstart/1.0.0/package/package.json not in flight; writing
152 verbose afterAdd /home/fekla/.npm/weekstart/1.0.0/package/package.json written
153 silly fetchAndShaCheck shasum 12ed5157a7e8f705759ce2f4d840410643081409
154 verbose addTmpTarball /tmp/npm-10632-9800f5fa/registry.npmjs.org/luxon/-/luxon-1.17.3.tgz not in flight; adding
155 verbose addTmpTarball already have metadata; skipping unpack for luxon@1.17.3
156 silly cache afterAdd luxon@1.17.3
157 verbose afterAdd /home/fekla/.npm/luxon/1.17.3/package/package.json not in flight; writing
158 verbose afterAdd /home/fekla/.npm/luxon/1.17.3/package/package.json written
159 silly loadAllDepsIntoIdealTree Finishing
160 silly idealTree:prePrune fekla
160 silly idealTree:prePrune ├── @babel/code-frame@7.5.5
160 silly idealTree:prePrune ├── @babel/highlight@7.5.0
160 silly idealTree:prePrune ├── @babel/runtime@7.5.5
160 silly idealTree:prePrune ├── acorn-jsx@5.0.2
160 silly idealTree:prePrune ├── acorn@7.0.0
160 silly idealTree:prePrune ├── ajv@6.10.2
160 silly idealTree:prePrune ├── ansi-escapes@3.2.0
160 silly idealTree:prePrune ├── ansi-regex@3.0.0
160 silly idealTree:prePrune ├── ansi-styles@3.2.1
160 silly idealTree:prePrune ├── argparse@1.0.10
160 silly idealTree:prePrune ├── aria-query@3.0.0
160 silly idealTree:prePrune ├── array-includes@3.0.3
160 silly idealTree:prePrune ├── ast-types-flow@0.0.7
160 silly idealTree:prePrune ├── astral-regex@1.0.0
160 silly idealTree:prePrune ├── axobject-query@2.0.2
160 silly idealTree:prePrune ├── balanced-match@1.0.0
160 silly idealTree:prePrune ├── brace-expansion@1.1.11
160 silly idealTree:prePrune ├── callsites@3.1.0
160 silly idealTree:prePrune ├── chalk@2.4.2
160 silly idealTree:prePrune ├── chardet@0.7.0
160 silly idealTree:prePrune ├── cli-cursor@2.1.0
160 silly idealTree:prePrune ├── cli-width@2.2.0
160 silly idealTree:prePrune ├── color-convert@1.9.3
160 silly idealTree:prePrune ├── color-name@1.1.3
160 silly idealTree:prePrune ├── commander@2.20.0
160 silly idealTree:prePrune ├── concat-map@0.0.1
160 silly idealTree:prePrune ├── confusing-browser-globals@1.0.8
160 silly idealTree:prePrune ├── contains-path@0.1.0
160 silly idealTree:prePrune ├─┬ cross-spawn@6.0.5
160 silly idealTree:prePrune │ └── semver@5.7.1
160 silly idealTree:prePrune ├── damerau-levenshtein@1.0.5
160 silly idealTree:prePrune ├── debug@4.1.1
160 silly idealTree:prePrune ├── deep-is@0.1.3
160 silly idealTree:prePrune ├── define-properties@1.1.3
160 silly idealTree:prePrune ├── doctrine@3.0.0
160 silly idealTree:prePrune ├── emoji-regex@7.0.3
160 silly idealTree:prePrune ├── error-ex@1.3.2
160 silly idealTree:prePrune ├── es-abstract@1.14.1
160 silly idealTree:prePrune ├── es-to-primitive@1.2.0
160 silly idealTree:prePrune ├── escape-string-regexp@1.0.5
160 silly idealTree:prePrune ├── eslint-config-airbnb-base@14.0.0
160 silly idealTree:prePrune ├── eslint-config-airbnb@18.0.1
160 silly idealTree:prePrune ├─┬ eslint-import-resolver-node@0.3.2
160 silly idealTree:prePrune │ ├── debug@2.6.9
160 silly idealTree:prePrune │ └── ms@2.0.0
160 silly idealTree:prePrune ├─┬ eslint-module-utils@2.4.1
160 silly idealTree:prePrune │ ├── debug@2.6.9
160 silly idealTree:prePrune │ └── ms@2.0.0
160 silly idealTree:prePrune ├─┬ eslint-plugin-import@2.18.2
160 silly idealTree:prePrune │ ├── debug@2.6.9
160 silly idealTree:prePrune │ ├── doctrine@1.5.0
160 silly idealTree:prePrune │ └── ms@2.0.0
160 silly idealTree:prePrune ├── eslint-plugin-jsx-a11y@6.2.3
160 silly idealTree:prePrune ├── eslint-plugin-prettier@3.1.0
160 silly idealTree:prePrune ├─┬ eslint-plugin-react@7.14.3
160 silly idealTree:prePrune │ └── doctrine@2.1.0
160 silly idealTree:prePrune ├── eslint-scope@5.0.0
160 silly idealTree:prePrune ├── eslint-utils@1.4.2
160 silly idealTree:prePrune ├── eslint-visitor-keys@1.1.0
160 silly idealTree:prePrune ├── eslint@6.3.0
160 silly idealTree:prePrune ├── espree@6.1.1
160 silly idealTree:prePrune ├── esprima@4.0.1
160 silly idealTree:prePrune ├── esquery@1.0.1
160 silly idealTree:prePrune ├── esrecurse@4.2.1
160 silly idealTree:prePrune ├── estraverse@4.3.0
160 silly idealTree:prePrune ├── esutils@2.0.3
160 silly idealTree:prePrune ├── external-editor@3.1.0
160 silly idealTree:prePrune ├── fast-deep-equal@2.0.1
160 silly idealTree:prePrune ├── fast-diff@1.2.0
160 silly idealTree:prePrune ├── fast-json-stable-stringify@2.0.0
160 silly idealTree:prePrune ├── fast-levenshtein@2.0.6
160 silly idealTree:prePrune ├── figures@2.0.0
160 silly idealTree:prePrune ├── file-entry-cache@5.0.1
160 silly idealTree:prePrune ├── find-up@2.1.0
160 silly idealTree:prePrune ├── flat-cache@2.0.1
160 silly idealTree:prePrune ├── flatted@2.0.1
160 silly idealTree:prePrune ├── fs.realpath@1.0.0
160 silly idealTree:prePrune ├── function-bind@1.1.1
160 silly idealTree:prePrune ├── functional-red-black-tree@1.0.1
160 silly idealTree:prePrune ├── glob-parent@5.0.0
160 silly idealTree:prePrune ├── glob@7.1.4
160 silly idealTree:prePrune ├── globals@11.12.0
160 silly idealTree:prePrune ├── graceful-fs@4.2.2
160 silly idealTree:prePrune ├── has-flag@3.0.0
160 silly idealTree:prePrune ├── has-symbols@1.0.0
160 silly idealTree:prePrune ├── has@1.0.3
160 silly idealTree:prePrune ├── hosted-git-info@2.8.4
160 silly idealTree:prePrune ├── iconv-lite@0.4.24
160 silly idealTree:prePrune ├── ignore@4.0.6
160 silly idealTree:prePrune ├── import-fresh@3.1.0
160 silly idealTree:prePrune ├── imurmurhash@0.1.4
160 silly idealTree:prePrune ├── inflight@1.0.6
160 silly idealTree:prePrune ├── inherits@2.0.4
160 silly idealTree:prePrune ├── inquirer@6.5.2
160 silly idealTree:prePrune ├── is-arrayish@0.2.1
160 silly idealTree:prePrune ├── is-callable@1.1.4
160 silly idealTree:prePrune ├── is-date-object@1.0.1
160 silly idealTree:prePrune ├── is-extglob@2.1.1
160 silly idealTree:prePrune ├── is-fullwidth-code-point@2.0.0
160 silly idealTree:prePrune ├── is-glob@4.0.1
160 silly idealTree:prePrune ├── is-promise@2.1.0
160 silly idealTree:prePrune ├── is-regex@1.0.4
160 silly idealTree:prePrune ├── is-symbol@1.0.2
160 silly idealTree:prePrune ├── isarray@1.0.0
160 silly idealTree:prePrune ├── isexe@2.0.0
160 silly idealTree:prePrune ├── js-tokens@4.0.0
160 silly idealTree:prePrune ├── js-yaml@3.13.1
160 silly idealTree:prePrune ├── json-schema-traverse@0.4.1
160 silly idealTree:prePrune ├── json-stable-stringify-without-jsonify@1.0.1
160 silly idealTree:prePrune ├── jsx-ast-utils@2.2.1
160 silly idealTree:prePrune ├── levn@0.3.0
160 silly idealTree:prePrune ├── load-json-file@2.0.0
160 silly idealTree:prePrune ├── locate-path@2.0.0
160 silly idealTree:prePrune ├── lodash@4.17.15
160 silly idealTree:prePrune ├── loose-envify@1.4.0
160 silly idealTree:prePrune ├── luxon@1.17.3
160 silly idealTree:prePrune ├── mimic-fn@1.2.0
160 silly idealTree:prePrune ├── minimatch@3.0.4
160 silly idealTree:prePrune ├── minimist@0.0.8
160 silly idealTree:prePrune ├── mkdirp@0.5.1
160 silly idealTree:prePrune ├── ms@2.1.2
160 silly idealTree:prePrune ├── mute-stream@0.0.7
160 silly idealTree:prePrune ├── natural-compare@1.4.0
160 silly idealTree:prePrune ├── nice-try@1.0.5
160 silly idealTree:prePrune ├─┬ normalize-package-data@2.5.0
160 silly idealTree:prePrune │ └── semver@5.7.1
160 silly idealTree:prePrune ├── object-assign@4.1.1
160 silly idealTree:prePrune ├── object-inspect@1.6.0
160 silly idealTree:prePrune ├── object-keys@1.1.1
160 silly idealTree:prePrune ├── object.assign@4.1.0
160 silly idealTree:prePrune ├── object.entries@1.1.0
160 silly idealTree:prePrune ├── object.fromentries@2.0.0
160 silly idealTree:prePrune ├── object.values@1.1.0
160 silly idealTree:prePrune ├── once@1.4.0
160 silly idealTree:prePrune ├── onetime@2.0.1
160 silly idealTree:prePrune ├── optionator@0.8.2
160 silly idealTree:prePrune ├── os-tmpdir@1.0.2
160 silly idealTree:prePrune ├── p-limit@1.3.0
160 silly idealTree:prePrune ├── p-locate@2.0.0
160 silly idealTree:prePrune ├── p-try@1.0.0
160 silly idealTree:prePrune ├── parent-module@1.0.1
160 silly idealTree:prePrune ├── parse-json@2.2.0
160 silly idealTree:prePrune ├── path-exists@3.0.0
160 silly idealTree:prePrune ├── path-is-absolute@1.0.1
160 silly idealTree:prePrune ├── path-key@2.0.1
160 silly idealTree:prePrune ├── path-parse@1.0.6
160 silly idealTree:prePrune ├── path-type@2.0.0
160 silly idealTree:prePrune ├── pify@2.3.0
160 silly idealTree:prePrune ├── pkg-dir@2.0.0
160 silly idealTree:prePrune ├── prelude-ls@1.1.2
160 silly idealTree:prePrune ├── prettier-linter-helpers@1.0.0
160 silly idealTree:prePrune ├── prettier@1.18.2
160 silly idealTree:prePrune ├── progress@2.0.3
160 silly idealTree:prePrune ├── prop-types@15.7.2
160 silly idealTree:prePrune ├── punycode@2.1.1
160 silly idealTree:prePrune ├── react-is@16.9.0
160 silly idealTree:prePrune ├── read-pkg-up@2.0.0
160 silly idealTree:prePrune ├── read-pkg@2.0.0
160 silly idealTree:prePrune ├── regenerator-runtime@0.13.3
160 silly idealTree:prePrune ├── regexpp@2.0.1
160 silly idealTree:prePrune ├── resolve-from@4.0.0
160 silly idealTree:prePrune ├── resolve@1.12.0
160 silly idealTree:prePrune ├── restore-cursor@2.0.0
160 silly idealTree:prePrune ├── rimraf@2.6.3
160 silly idealTree:prePrune ├── run-async@2.3.0
160 silly idealTree:prePrune ├── rxjs@6.5.3
160 silly idealTree:prePrune ├── safer-buffer@2.1.2
160 silly idealTree:prePrune ├── semver@6.3.0
160 silly idealTree:prePrune ├── shebang-command@1.2.0
160 silly idealTree:prePrune ├── shebang-regex@1.0.0
160 silly idealTree:prePrune ├── signal-exit@3.0.2
160 silly idealTree:prePrune ├── slice-ansi@2.1.0
160 silly idealTree:prePrune ├── spdx-correct@3.1.0
160 silly idealTree:prePrune ├── spdx-exceptions@2.2.0
160 silly idealTree:prePrune ├── spdx-expression-parse@3.0.0
160 silly idealTree:prePrune ├── spdx-license-ids@3.0.5
160 silly idealTree:prePrune ├── sprintf-js@1.0.3
160 silly idealTree:prePrune ├─┬ string-width@2.1.1
160 silly idealTree:prePrune │ └── strip-ansi@4.0.0
160 silly idealTree:prePrune ├── string.prototype.trimleft@2.0.0
160 silly idealTree:prePrune ├── string.prototype.trimright@2.0.0
160 silly idealTree:prePrune ├─┬ strip-ansi@5.2.0
160 silly idealTree:prePrune │ └── ansi-regex@4.1.0
160 silly idealTree:prePrune ├── strip-bom@3.0.0
160 silly idealTree:prePrune ├── strip-json-comments@3.0.1
160 silly idealTree:prePrune ├── supports-color@5.5.0
160 silly idealTree:prePrune ├─┬ table@5.4.6
160 silly idealTree:prePrune │ └── string-width@3.1.0
160 silly idealTree:prePrune ├── text-table@0.2.0
160 silly idealTree:prePrune ├── through@2.3.8
160 silly idealTree:prePrune ├── tmp@0.0.33
160 silly idealTree:prePrune ├── tslib@1.10.0
160 silly idealTree:prePrune ├── type-check@0.3.2
160 silly idealTree:prePrune ├── uri-js@4.2.2
160 silly idealTree:prePrune ├── v8-compile-cache@2.1.0
160 silly idealTree:prePrune ├── validate-npm-package-license@3.0.4
160 silly idealTree:prePrune ├── vue-datetime@1.0.0-beta.10
160 silly idealTree:prePrune ├── weekstart@1.0.0
160 silly idealTree:prePrune ├── which@1.3.1
160 silly idealTree:prePrune ├── wordwrap@1.0.0
160 silly idealTree:prePrune ├── wrappy@1.0.2
160 silly idealTree:prePrune └── write@1.0.3
161 silly loadIdealTree Finishing
162 silly currentTree fekla
162 silly currentTree ├── @babel/code-frame@7.5.5
162 silly currentTree ├── @babel/highlight@7.5.0
162 silly currentTree ├── @babel/runtime@7.5.5
162 silly currentTree ├── acorn-jsx@5.0.2
162 silly currentTree ├── acorn@7.0.0
162 silly currentTree ├── ajv@6.10.2
162 silly currentTree ├── ansi-escapes@3.2.0
162 silly currentTree ├── ansi-regex@3.0.0
162 silly currentTree ├── ansi-styles@3.2.1
162 silly currentTree ├── argparse@1.0.10
162 silly currentTree ├── aria-query@3.0.0
162 silly currentTree ├── array-includes@3.0.3
162 silly currentTree ├── ast-types-flow@0.0.7
162 silly currentTree ├── astral-regex@1.0.0
162 silly currentTree ├── axobject-query@2.0.2
162 silly currentTree ├── balanced-match@1.0.0
162 silly currentTree ├── brace-expansion@1.1.11
162 silly currentTree ├── callsites@3.1.0
162 silly currentTree ├── chalk@2.4.2
162 silly currentTree ├── chardet@0.7.0
162 silly currentTree ├── cli-cursor@2.1.0
162 silly currentTree ├── cli-width@2.2.0
162 silly currentTree ├── color-convert@1.9.3
162 silly currentTree ├── color-name@1.1.3
162 silly currentTree ├── commander@2.20.0
162 silly currentTree ├── concat-map@0.0.1
162 silly currentTree ├── confusing-browser-globals@1.0.8
162 silly currentTree ├── contains-path@0.1.0
162 silly currentTree ├─┬ cross-spawn@6.0.5
162 silly currentTree │ └── semver@5.7.1
162 silly currentTree ├── damerau-levenshtein@1.0.5
162 silly currentTree ├── debug@4.1.1
162 silly currentTree ├── deep-is@0.1.3
162 silly currentTree ├── define-properties@1.1.3
162 silly currentTree ├── doctrine@3.0.0
162 silly currentTree ├── emoji-regex@7.0.3
162 silly currentTree ├── error-ex@1.3.2
162 silly currentTree ├── es-abstract@1.14.1
162 silly currentTree ├── es-to-primitive@1.2.0
162 silly currentTree ├── escape-string-regexp@1.0.5
162 silly currentTree ├── eslint-config-airbnb-base@14.0.0
162 silly currentTree ├── eslint-config-airbnb@18.0.1
162 silly currentTree ├─┬ eslint-import-resolver-node@0.3.2
162 silly currentTree │ ├── debug@2.6.9
162 silly currentTree │ └── ms@2.0.0
162 silly currentTree ├─┬ eslint-module-utils@2.4.1
162 silly currentTree │ ├── debug@2.6.9
162 silly currentTree │ └── ms@2.0.0
162 silly currentTree ├─┬ eslint-plugin-import@2.18.2
162 silly currentTree │ ├── debug@2.6.9
162 silly currentTree │ ├── doctrine@1.5.0
162 silly currentTree │ └── ms@2.0.0
162 silly currentTree ├── eslint-plugin-jsx-a11y@6.2.3
162 silly currentTree ├── eslint-plugin-prettier@3.1.0
162 silly currentTree ├─┬ eslint-plugin-react@7.14.3
162 silly currentTree │ └── doctrine@2.1.0
162 silly currentTree ├── eslint-scope@5.0.0
162 silly currentTree ├── eslint-utils@1.4.2
162 silly currentTree ├── eslint-visitor-keys@1.1.0
162 silly currentTree ├── eslint@6.3.0
162 silly currentTree ├── espree@6.1.1
162 silly currentTree ├── esprima@4.0.1
162 silly currentTree ├── esquery@1.0.1
162 silly currentTree ├── esrecurse@4.2.1
162 silly currentTree ├── estraverse@4.3.0
162 silly currentTree ├── esutils@2.0.3
162 silly currentTree ├── external-editor@3.1.0
162 silly currentTree ├── fast-deep-equal@2.0.1
162 silly currentTree ├── fast-diff@1.2.0
162 silly currentTree ├── fast-json-stable-stringify@2.0.0
162 silly currentTree ├── fast-levenshtein@2.0.6
162 silly currentTree ├── figures@2.0.0
162 silly currentTree ├── file-entry-cache@5.0.1
162 silly currentTree ├── find-up@2.1.0
162 silly currentTree ├── flat-cache@2.0.1
162 silly currentTree ├── flatted@2.0.1
162 silly currentTree ├── fs.realpath@1.0.0
162 silly currentTree ├── function-bind@1.1.1
162 silly currentTree ├── functional-red-black-tree@1.0.1
162 silly currentTree ├── glob-parent@5.0.0
162 silly currentTree ├── glob@7.1.4
162 silly currentTree ├── globals@11.12.0
162 silly currentTree ├── graceful-fs@4.2.2
162 silly currentTree ├── has-flag@3.0.0
162 silly currentTree ├── has-symbols@1.0.0
162 silly currentTree ├── has@1.0.3
162 silly currentTree ├── hosted-git-info@2.8.4
162 silly currentTree ├── iconv-lite@0.4.24
162 silly currentTree ├── ignore@4.0.6
162 silly currentTree ├── import-fresh@3.1.0
162 silly currentTree ├── imurmurhash@0.1.4
162 silly currentTree ├── inflight@1.0.6
162 silly currentTree ├── inherits@2.0.4
162 silly currentTree ├── inquirer@6.5.2
162 silly currentTree ├── is-arrayish@0.2.1
162 silly currentTree ├── is-callable@1.1.4
162 silly currentTree ├── is-date-object@1.0.1
162 silly currentTree ├── is-extglob@2.1.1
162 silly currentTree ├── is-fullwidth-code-point@2.0.0
162 silly currentTree ├── is-glob@4.0.1
162 silly currentTree ├── is-promise@2.1.0
162 silly currentTree ├── is-regex@1.0.4
162 silly currentTree ├── is-symbol@1.0.2
162 silly currentTree ├── isarray@1.0.0
162 silly currentTree ├── isexe@2.0.0
162 silly currentTree ├── js-tokens@4.0.0
162 silly currentTree ├── js-yaml@3.13.1
162 silly currentTree ├── json-schema-traverse@0.4.1
162 silly currentTree ├── json-stable-stringify-without-jsonify@1.0.1
162 silly currentTree ├── jsx-ast-utils@2.2.1
162 silly currentTree ├── levn@0.3.0
162 silly currentTree ├── load-json-file@2.0.0
162 silly currentTree ├── locate-path@2.0.0
162 silly currentTree ├── lodash@4.17.15
162 silly currentTree ├── loose-envify@1.4.0
162 silly currentTree ├── mimic-fn@1.2.0
162 silly currentTree ├── minimatch@3.0.4
162 silly currentTree ├── minimist@0.0.8
162 silly currentTree ├── mkdirp@0.5.1
162 silly currentTree ├── ms@2.1.2
162 silly currentTree ├── mute-stream@0.0.7
162 silly currentTree ├── natural-compare@1.4.0
162 silly currentTree ├── nice-try@1.0.5
162 silly currentTree ├─┬ normalize-package-data@2.5.0
162 silly currentTree │ └── semver@5.7.1
162 silly currentTree ├── object-assign@4.1.1
162 silly currentTree ├── object-inspect@1.6.0
162 silly currentTree ├── object-keys@1.1.1
162 silly currentTree ├── object.assign@4.1.0
162 silly currentTree ├── object.entries@1.1.0
162 silly currentTree ├── object.fromentries@2.0.0
162 silly currentTree ├── object.values@1.1.0
162 silly currentTree ├── once@1.4.0
162 silly currentTree ├── onetime@2.0.1
162 silly currentTree ├── optionator@0.8.2
162 silly currentTree ├── os-tmpdir@1.0.2
162 silly currentTree ├── p-limit@1.3.0
162 silly currentTree ├── p-locate@2.0.0
162 silly currentTree ├── p-try@1.0.0
162 silly currentTree ├── parent-module@1.0.1
162 silly currentTree ├── parse-json@2.2.0
162 silly currentTree ├── path-exists@3.0.0
162 silly currentTree ├── path-is-absolute@1.0.1
162 silly currentTree ├── path-key@2.0.1
162 silly currentTree ├── path-parse@1.0.6
162 silly currentTree ├── path-type@2.0.0
162 silly currentTree ├── pify@2.3.0
162 silly currentTree ├── pkg-dir@2.0.0
162 silly currentTree ├── prelude-ls@1.1.2
162 silly currentTree ├── prettier-linter-helpers@1.0.0
162 silly currentTree ├── prettier@1.18.2
162 silly currentTree ├── progress@2.0.3
162 silly currentTree ├── prop-types@15.7.2
162 silly currentTree ├── punycode@2.1.1
162 silly currentTree ├── react-is@16.9.0
162 silly currentTree ├── read-pkg-up@2.0.0
162 silly currentTree ├── read-pkg@2.0.0
162 silly currentTree ├── regenerator-runtime@0.13.3
162 silly currentTree ├── regexpp@2.0.1
162 silly currentTree ├── resolve-from@4.0.0
162 silly currentTree ├── resolve@1.12.0
162 silly currentTree ├── restore-cursor@2.0.0
162 silly currentTree ├── rimraf@2.6.3
162 silly currentTree ├── run-async@2.3.0
162 silly currentTree ├── rxjs@6.5.3
162 silly currentTree ├── safer-buffer@2.1.2
162 silly currentTree ├── semver@6.3.0
162 silly currentTree ├── shebang-command@1.2.0
162 silly currentTree ├── shebang-regex@1.0.0
162 silly currentTree ├── signal-exit@3.0.2
162 silly currentTree ├── slice-ansi@2.1.0
162 silly currentTree ├── spdx-correct@3.1.0
162 silly currentTree ├── spdx-exceptions@2.2.0
162 silly currentTree ├── spdx-expression-parse@3.0.0
162 silly currentTree ├── spdx-license-ids@3.0.5
162 silly currentTree ├── sprintf-js@1.0.3
162 silly currentTree ├─┬ string-width@2.1.1
162 silly currentTree │ └── strip-ansi@4.0.0
162 silly currentTree ├── string.prototype.trimleft@2.0.0
162 silly currentTree ├── string.prototype.trimright@2.0.0
162 silly currentTree ├─┬ strip-ansi@5.2.0
162 silly currentTree │ └── ansi-regex@4.1.0
162 silly currentTree ├── strip-bom@3.0.0
162 silly currentTree ├── strip-json-comments@3.0.1
162 silly currentTree ├── supports-color@5.5.0
162 silly currentTree ├─┬ table@5.4.6
162 silly currentTree │ └── string-width@3.1.0
162 silly currentTree ├── text-table@0.2.0
162 silly currentTree ├── through@2.3.8
162 silly currentTree ├── tmp@0.0.33
162 silly currentTree ├── tslib@1.10.0
162 silly currentTree ├── type-check@0.3.2
162 silly currentTree ├── uri-js@4.2.2
162 silly currentTree ├── v8-compile-cache@2.1.0
162 silly currentTree ├── validate-npm-package-license@3.0.4
162 silly currentTree ├── which@1.3.1
162 silly currentTree ├── wordwrap@1.0.0
162 silly currentTree ├── wrappy@1.0.2
162 silly currentTree └── write@1.0.3
163 silly idealTree fekla
163 silly idealTree ├── @babel/code-frame@7.5.5
163 silly idealTree ├── @babel/highlight@7.5.0
163 silly idealTree ├── @babel/runtime@7.5.5
163 silly idealTree ├── acorn-jsx@5.0.2
163 silly idealTree ├── acorn@7.0.0
163 silly idealTree ├── ajv@6.10.2
163 silly idealTree ├── ansi-escapes@3.2.0
163 silly idealTree ├── ansi-regex@3.0.0
163 silly idealTree ├── ansi-styles@3.2.1
163 silly idealTree ├── argparse@1.0.10
163 silly idealTree ├── aria-query@3.0.0
163 silly idealTree ├── array-includes@3.0.3
163 silly idealTree ├── ast-types-flow@0.0.7
163 silly idealTree ├── astral-regex@1.0.0
163 silly idealTree ├── axobject-query@2.0.2
163 silly idealTree ├── balanced-match@1.0.0
163 silly idealTree ├── brace-expansion@1.1.11
163 silly idealTree ├── callsites@3.1.0
163 silly idealTree ├── chalk@2.4.2
163 silly idealTree ├── chardet@0.7.0
163 silly idealTree ├── cli-cursor@2.1.0
163 silly idealTree ├── cli-width@2.2.0
163 silly idealTree ├── color-convert@1.9.3
163 silly idealTree ├── color-name@1.1.3
163 silly idealTree ├── commander@2.20.0
163 silly idealTree ├── concat-map@0.0.1
163 silly idealTree ├── confusing-browser-globals@1.0.8
163 silly idealTree ├── contains-path@0.1.0
163 silly idealTree ├─┬ cross-spawn@6.0.5
163 silly idealTree │ └── semver@5.7.1
163 silly idealTree ├── damerau-levenshtein@1.0.5
163 silly idealTree ├── debug@4.1.1
163 silly idealTree ├── deep-is@0.1.3
163 silly idealTree ├── define-properties@1.1.3
163 silly idealTree ├── doctrine@3.0.0
163 silly idealTree ├── emoji-regex@7.0.3
163 silly idealTree ├── error-ex@1.3.2
163 silly idealTree ├── es-abstract@1.14.1
163 silly idealTree ├── es-to-primitive@1.2.0
163 silly idealTree ├── escape-string-regexp@1.0.5
163 silly idealTree ├── eslint-config-airbnb-base@14.0.0
163 silly idealTree ├── eslint-config-airbnb@18.0.1
163 silly idealTree ├─┬ eslint-import-resolver-node@0.3.2
163 silly idealTree │ ├── debug@2.6.9
163 silly idealTree │ └── ms@2.0.0
163 silly idealTree ├─┬ eslint-module-utils@2.4.1
163 silly idealTree │ ├── debug@2.6.9
163 silly idealTree │ └── ms@2.0.0
163 silly idealTree ├─┬ eslint-plugin-import@2.18.2
163 silly idealTree │ ├── debug@2.6.9
163 silly idealTree │ ├── doctrine@1.5.0
163 silly idealTree │ └── ms@2.0.0
163 silly idealTree ├── eslint-plugin-jsx-a11y@6.2.3
163 silly idealTree ├── eslint-plugin-prettier@3.1.0
163 silly idealTree ├─┬ eslint-plugin-react@7.14.3
163 silly idealTree │ └── doctrine@2.1.0
163 silly idealTree ├── eslint-scope@5.0.0
163 silly idealTree ├── eslint-utils@1.4.2
163 silly idealTree ├── eslint-visitor-keys@1.1.0
163 silly idealTree ├── eslint@6.3.0
163 silly idealTree ├── espree@6.1.1
163 silly idealTree ├── esprima@4.0.1
163 silly idealTree ├── esquery@1.0.1
163 silly idealTree ├── esrecurse@4.2.1
163 silly idealTree ├── estraverse@4.3.0
163 silly idealTree ├── esutils@2.0.3
163 silly idealTree ├── external-editor@3.1.0
163 silly idealTree ├── fast-deep-equal@2.0.1
163 silly idealTree ├── fast-diff@1.2.0
163 silly idealTree ├── fast-json-stable-stringify@2.0.0
163 silly idealTree ├── fast-levenshtein@2.0.6
163 silly idealTree ├── figures@2.0.0
163 silly idealTree ├── file-entry-cache@5.0.1
163 silly idealTree ├── find-up@2.1.0
163 silly idealTree ├── flat-cache@2.0.1
163 silly idealTree ├── flatted@2.0.1
163 silly idealTree ├── fs.realpath@1.0.0
163 silly idealTree ├── function-bind@1.1.1
163 silly idealTree ├── functional-red-black-tree@1.0.1
163 silly idealTree ├── glob-parent@5.0.0
163 silly idealTree ├── glob@7.1.4
163 silly idealTree ├── globals@11.12.0
163 silly idealTree ├── graceful-fs@4.2.2
163 silly idealTree ├── has-flag@3.0.0
163 silly idealTree ├── has-symbols@1.0.0
163 silly idealTree ├── has@1.0.3
163 silly idealTree ├── hosted-git-info@2.8.4
163 silly idealTree ├── iconv-lite@0.4.24
163 silly idealTree ├── ignore@4.0.6
163 silly idealTree ├── import-fresh@3.1.0
163 silly idealTree ├── imurmurhash@0.1.4
163 silly idealTree ├── inflight@1.0.6
163 silly idealTree ├── inherits@2.0.4
163 silly idealTree ├── inquirer@6.5.2
163 silly idealTree ├── is-arrayish@0.2.1
163 silly idealTree ├── is-callable@1.1.4
163 silly idealTree ├── is-date-object@1.0.1
163 silly idealTree ├── is-extglob@2.1.1
163 silly idealTree ├── is-fullwidth-code-point@2.0.0
163 silly idealTree ├── is-glob@4.0.1
163 silly idealTree ├── is-promise@2.1.0
163 silly idealTree ├── is-regex@1.0.4
163 silly idealTree ├── is-symbol@1.0.2
163 silly idealTree ├── isarray@1.0.0
163 silly idealTree ├── isexe@2.0.0
163 silly idealTree ├── js-tokens@4.0.0
163 silly idealTree ├── js-yaml@3.13.1
163 silly idealTree ├── json-schema-traverse@0.4.1
163 silly idealTree ├── json-stable-stringify-without-jsonify@1.0.1
163 silly idealTree ├── jsx-ast-utils@2.2.1
163 silly idealTree ├── levn@0.3.0
163 silly idealTree ├── load-json-file@2.0.0
163 silly idealTree ├── locate-path@2.0.0
163 silly idealTree ├── lodash@4.17.15
163 silly idealTree ├── loose-envify@1.4.0
163 silly idealTree ├── luxon@1.17.3
163 silly idealTree ├── mimic-fn@1.2.0
163 silly idealTree ├── minimatch@3.0.4
163 silly idealTree ├── minimist@0.0.8
163 silly idealTree ├── mkdirp@0.5.1
163 silly idealTree ├── ms@2.1.2
163 silly idealTree ├── mute-stream@0.0.7
163 silly idealTree ├── natural-compare@1.4.0
163 silly idealTree ├── nice-try@1.0.5
163 silly idealTree ├─┬ normalize-package-data@2.5.0
163 silly idealTree │ └── semver@5.7.1
163 silly idealTree ├── object-assign@4.1.1
163 silly idealTree ├── object-inspect@1.6.0
163 silly idealTree ├── object-keys@1.1.1
163 silly idealTree ├── object.assign@4.1.0
163 silly idealTree ├── object.entries@1.1.0
163 silly idealTree ├── object.fromentries@2.0.0
163 silly idealTree ├── object.values@1.1.0
163 silly idealTree ├── once@1.4.0
163 silly idealTree ├── onetime@2.0.1
163 silly idealTree ├── optionator@0.8.2
163 silly idealTree ├── os-tmpdir@1.0.2
163 silly idealTree ├── p-limit@1.3.0
163 silly idealTree ├── p-locate@2.0.0
163 silly idealTree ├── p-try@1.0.0
163 silly idealTree ├── parent-module@1.0.1
163 silly idealTree ├── parse-json@2.2.0
163 silly idealTree ├── path-exists@3.0.0
163 silly idealTree ├── path-is-absolute@1.0.1
163 silly idealTree ├── path-key@2.0.1
163 silly idealTree ├── path-parse@1.0.6
163 silly idealTree ├── path-type@2.0.0
163 silly idealTree ├── pify@2.3.0
163 silly idealTree ├── pkg-dir@2.0.0
163 silly idealTree ├── prelude-ls@1.1.2
163 silly idealTree ├── prettier-linter-helpers@1.0.0
163 silly idealTree ├── prettier@1.18.2
163 silly idealTree ├── progress@2.0.3
163 silly idealTree ├── prop-types@15.7.2
163 silly idealTree ├── punycode@2.1.1
163 silly idealTree ├── react-is@16.9.0
163 silly idealTree ├── read-pkg-up@2.0.0
163 silly idealTree ├── read-pkg@2.0.0
163 silly idealTree ├── regenerator-runtime@0.13.3
163 silly idealTree ├── regexpp@2.0.1
163 silly idealTree ├── resolve-from@4.0.0
163 silly idealTree ├── resolve@1.12.0
163 silly idealTree ├── restore-cursor@2.0.0
163 silly idealTree ├── rimraf@2.6.3
163 silly idealTree ├── run-async@2.3.0
163 silly idealTree ├── rxjs@6.5.3
163 silly idealTree ├── safer-buffer@2.1.2
163 silly idealTree ├── semver@6.3.0
163 silly idealTree ├── shebang-command@1.2.0
163 silly idealTree ├── shebang-regex@1.0.0
163 silly idealTree ├── signal-exit@3.0.2
163 silly idealTree ├── slice-ansi@2.1.0
163 silly idealTree ├── spdx-correct@3.1.0
163 silly idealTree ├── spdx-exceptions@2.2.0
163 silly idealTree ├── spdx-expression-parse@3.0.0
163 silly idealTree ├── spdx-license-ids@3.0.5
163 silly idealTree ├── sprintf-js@1.0.3
163 silly idealTree ├─┬ string-width@2.1.1
163 silly idealTree │ └── strip-ansi@4.0.0
163 silly idealTree ├── string.prototype.trimleft@2.0.0
163 silly idealTree ├── string.prototype.trimright@2.0.0
163 silly idealTree ├─┬ strip-ansi@5.2.0
163 silly idealTree │ └── ansi-regex@4.1.0
163 silly idealTree ├── strip-bom@3.0.0
163 silly idealTree ├── strip-json-comments@3.0.1
163 silly idealTree ├── supports-color@5.5.0
163 silly idealTree ├─┬ table@5.4.6
163 silly idealTree │ └── string-width@3.1.0
163 silly idealTree ├── text-table@0.2.0
163 silly idealTree ├── through@2.3.8
163 silly idealTree ├── tmp@0.0.33
163 silly idealTree ├── tslib@1.10.0
163 silly idealTree ├── type-check@0.3.2
163 silly idealTree ├── uri-js@4.2.2
163 silly idealTree ├── v8-compile-cache@2.1.0
163 silly idealTree ├── validate-npm-package-license@3.0.4
163 silly idealTree ├── vue-datetime@1.0.0-beta.10
163 silly idealTree ├── weekstart@1.0.0
163 silly idealTree ├── which@1.3.1
163 silly idealTree ├── wordwrap@1.0.0
163 silly idealTree ├── wrappy@1.0.2
163 silly idealTree └── write@1.0.3
164 silly generateActionsToTake Starting
165 silly install generateActionsToTake
166 warn checkPermissions Missing write access to /home/fekla/node_modules
167 silly rollbackFailedOptional Starting
168 silly rollbackFailedOptional Finishing
169 silly runTopLevelLifecycles Starting
170 silly runTopLevelLifecycles Finishing
171 silly install printInstalled
172 warn enoent ENOENT: no such file or directory, open '/home/fekla/package.json'
173 warn eslint-config-airbnb@18.0.1 requires a peer of eslint-plugin-react-hooks@^1.7.0 but none was installed.
174 warn vue-datetime@1.0.0-beta.10 requires a peer of vue@^2.3.0 but none was installed.
175 warn fekla No description
176 warn fekla No repository field.
177 warn fekla No README data
178 warn fekla No license field.
179 verbose stack Error: EACCES: permission denied, access '/home/fekla/node_modules'
180 verbose cwd /home/fekla/hakaton/HakatonVTB
181 error Linux 5.0.0-27-generic
182 error argv "/usr/bin/node" "/usr/bin/npm" "install" "--save" "luxon" "vue-datetime" "weekstart"
183 error node v8.10.0
184 error npm  v3.5.2
185 error path /home/fekla/node_modules
186 error code EACCES
187 error errno -13
188 error syscall access
189 error Error: EACCES: permission denied, access '/home/fekla/node_modules'
189 error  { Error: EACCES: permission denied, access '/home/fekla/node_modules'
189 error   errno: -13,
189 error   code: 'EACCES',
189 error   syscall: 'access',
189 error   path: '/home/fekla/node_modules' }
190 error Please try running this command again as root/Administrator.
191 verbose exit [ -13, true ]
